<?xml version="1.0" encoding="UTF-8"?>
<!-- Generated by org.testng.reporters.JUnitReportReporter -->
<testsuite hostname="LP-INHY00000406" failures="0" tests="1" name="com.OrangeHRM.Tests.OrangeHRMTest" time="32.204" errors="0" timestamp="2021-05-06T14:42:17 IST" skipped="0">
  <testcase classname="com.OrangeHRM.Tests.OrangeHRMTest" name="loginToApp" time="32.204"/>
  <system-out/>
</testsuite> <!-- com.OrangeHRM.Tests.OrangeHRMTest -->
