<?xml version="1.0" encoding="UTF-8"?>
<!-- Generated by org.testng.reporters.JUnitReportReporter -->
<testsuite hostname="LP-INHY00000406" failures="0" tests="1" name="com.OrangeHRM.OrangeHRMTest" time="33.492" errors="0" timestamp="2021-05-06T14:22:04 IST" skipped="0">
  <testcase classname="com.OrangeHRM.OrangeHRMTest" name="loginToApp" time="33.492"/>
  <system-out/>
</testsuite> <!-- com.OrangeHRM.OrangeHRMTest -->
